<?xml version="1.0" encoding="UTF-8"?>
<!-- Generated by org.testng.reporters.JUnitReportReporter -->
<testsuite skipped="0" hostname="DESKTOP-ISRA4DV" name="onee.onee" tests="1" failures="0" timestamp="13 Dec 2018 10:14:54 GMT" time="0.008" errors="0">
  <testcase name="teee" time="0.008" classname="onee.onee"/>
</testsuite> <!-- onee.onee -->
